{"C:\\Users\\leona\\Documents\\NetBeansProjects\\Les\\Tests_Hotline\\src\\driver.js": {"path":"C:\\Users\\leona\\Documents\\NetBeansProjects\\Les\\Tests_Hotline\\src\\driver.js","statementMap":{"0":{"start":{"line":1,"column":62},"end":{"line":1,"column":91}},"1":{"start":{"line":2,"column":0},"end":{"line":2,"column":24}},"2":{"start":{"line":4,"column":15},"end":{"line":6,"column":10}},"3":{"start":{"line":8,"column":0},"end":{"line":8,"column":24}}},"fnMap":{},"branchMap":{},"s":{"0":1,"1":1,"2":1,"3":1},"f":{},"b":{},"_coverageSchema":"1a1c01bbd47fc00a2c39e90264f33305004495a9","hash":"8a4d322550f98ba55be3df92fb1db1190be8c289"}
}
